This is pdfTeX, Version 3.141592653-2.6-1.40.22 (MiKTeX 21.3) (preloaded format=latex 2021.5.28)  28 MAY 2021 23:34
entering extended mode
**\makeatletter\def\HCode{\futurelet\HCode\HChar}\def\HChar{\ifx\HCode\def\HCod
e##1{\Link##1}\expandafter\HCode\else\expandafter\Link\fi}\def\Link#1.a.b.c.{\g
@addto@macro\@documentclasshook{\RequirePackage[#1,html]{tex4ht}}\let\HCode\doc
umentstyle\def\documentstyle{\let\documentstyle\HCode\expandafter\def\csname te
x4ht\endcsname{#1,html}\def\HCode####1{\documentstyle[tex4ht,}\@ifnextchar[{\HC
ode}{\documentstyle[tex4ht]}}}\makeatother\HCode .a.b.c.\input  cumc2020_code.t
ex
 (cumc2020_code.tex
(C:\Users\manin\AppData\Local\Programs\MiKTeX\tex/latex/amscls\amsart.cls
Document Class: amsart 2020/05/29 v2.20.6
\linespacing=\dimen138
\normalparindent=\dimen139
\normaltopskip=\skip47
(C:\Users\manin\AppData\Local\Programs\MiKTeX\tex/latex/amsmath\amsmath.sty
Package: amsmath 2020/09/23 v2.17i AMS math features
\@mathmargin=\skip48

For additional information on amsmath, use the `?' option.
(C:\Users\manin\AppData\Local\Programs\MiKTeX\tex/latex/amsmath\amstext.sty
Package: amstext 2000/06/29 v2.01 AMS text

(C:\Users\manin\AppData\Local\Programs\MiKTeX\tex/latex/amsmath\amsgen.sty
File: amsgen.sty 1999/11/30 v2.0 generic functions
\@emptytoks=\toks15
\ex@=\dimen140
))
(C:\Users\manin\AppData\Local\Programs\MiKTeX\tex/latex/amsmath\amsbsy.sty
Package: amsbsy 1999/11/29 v1.2d Bold Symbols
\pmbraise@=\dimen141
)
(C:\Users\manin\AppData\Local\Programs\MiKTeX\tex/latex/amsmath\amsopn.sty
Package: amsopn 2016/03/08 v2.02 operator names
)
\inf@bad=\count179
LaTeX Info: Redefining \frac on input line 234.
\uproot@=\count180
\leftroot@=\count181
LaTeX Info: Redefining \overline on input line 399.
\classnum@=\count182
\DOTSCASE@=\count183
LaTeX Info: Redefining \ldots on input line 496.
LaTeX Info: Redefining \dots on input line 499.
LaTeX Info: Redefining \cdots on input line 620.
\Mathstrutbox@=\box47
\strutbox@=\box48
\big@size=\dimen142
LaTeX Font Info:    Redeclaring font encoding OML on input line 743.
LaTeX Font Info:    Redeclaring font encoding OMS on input line 744.
\macc@depth=\count184
\c@MaxMatrixCols=\count185
\dotsspace@=\muskip16
\c@parentequation=\count186
\dspbrk@lvl=\count187
\tag@help=\toks16
\row@=\count188
\column@=\count189
\maxfields@=\count190
\andhelp@=\toks17
\eqnshift@=\dimen143
\alignsep@=\dimen144
\tagshift@=\dimen145
\tagwidth@=\dimen146
\totwidth@=\dimen147
\lineht@=\dimen148
\@envbody=\toks18
\multlinegap=\skip49
\multlinetaggap=\skip50
\mathdisplay@stack=\toks19
LaTeX Info: Redefining \[ on input line 2923.
LaTeX Info: Redefining \] on input line 2924.
)
LaTeX Font Info:    Trying to load font information for U+msa on input line 397
.

(C:\Users\manin\AppData\Local\Programs\MiKTeX\tex/latex/amsfonts\umsa.fd
File: umsa.fd 2013/01/14 v3.01 AMS symbols A
)
(C:\Users\manin\AppData\Local\Programs\MiKTeX\tex/latex/amsfonts\amsfonts.sty
Package: amsfonts 2013/01/14 v3.01 Basic AMSFonts support


Package amsfonts Warning: The 'psamsfonts' option is obsolete in AMSFonts v3.

\symAMSa=\mathgroup4
\symAMSb=\mathgroup5
LaTeX Font Info:    Redeclaring math symbol \hbar on input line 98.
LaTeX Font Info:    Overwriting math alphabet `\mathfrak' in version `bold'
(Font)                  U/euf/m/n --> U/euf/b/n on input line 106.
)
\copyins=\insert199
\abstractbox=\box49
\listisep=\skip51
\c@part=\count191
\c@section=\count192
\c@subsection=\count193
\c@subsubsection=\count194
\c@paragraph=\count195
\c@subparagraph=\count196
\c@figure=\count197
\c@table=\count198
\abovecaptionskip=\skip52
\belowcaptionskip=\skip53
\captionindent=\dimen149
\thm@style=\toks20
\thm@bodyfont=\toks21
\thm@headfont=\toks22
\thm@notefont=\toks23
\thm@headpunct=\toks24
\thm@preskip=\skip54
\thm@postskip=\skip55
\thm@headsep=\skip56
\dth@everypar=\toks25
) (C:\Users\manin\AppData\Local\Programs\MiKTeX\tex/generic/tex4ht\tex4ht.sty
version 2021-01-02-13:53
Package: tex4ht 
--------------------------------------
--- Note --- for _ at preamble, use the command line option `early_'
--------------------------------------
--------------------------------------
--- Note --- for ^ at preamble, use the command line option `early^'
--------------------------------------
\tmp:toks=\toks26
)
(C:\Users\manin\AppData\Local\Programs\MiKTeX\tex/generic/tex4ht\usepackage.4ht
version 2021-02-07-14:58
) (C:\Users\manin\AppData\Local\Programs\MiKTeX\tex/latex/amsfonts\amssymb.sty
Package: amssymb 2013/01/14 v3.01 AMS font symbols
) (C:\Users\manin\AppData\Local\Programs\MiKTeX\tex/generic/xypic\xy.sty
(C:\Users\manin\AppData\Local\Programs\MiKTeX\tex/generic/xypic\xy.tex
Bootstrap'ing: catcodes, docmode,
(C:\Users\manin\AppData\Local\Programs\MiKTeX\tex/generic/xypic\xyrecat.tex)
(C:\Users\manin\AppData\Local\Programs\MiKTeX\tex/generic/xypic\xyidioms.tex)

 Xy-pic version 3.8.9 <2013/10/06>
 Copyright (c) 1991-2013 by Kristoffer H. Rose <krisrose@tug.org> and others
 Xy-pic is free software: see the User's Guide for details.

Loading kernel: messages; fonts; allocations: state,
\X@c=\dimen150
\Y@c=\dimen151
\U@c=\dimen152
\D@c=\dimen153
\L@c=\dimen154
\R@c=\dimen155
\Edge@c=\toks27
\X@p=\dimen156
\Y@p=\dimen157
\U@p=\dimen158
\D@p=\dimen159
\L@p=\dimen160
\R@p=\dimen161
\Edge@p=\toks28
\X@origin=\dimen162
\Y@origin=\dimen163
\X@xbase=\dimen164
\Y@xbase=\dimen165
\X@ybase=\dimen166
\Y@ybase=\dimen167
\X@min=\dimen168
\Y@min=\dimen169
\X@max=\dimen170
\Y@max=\dimen171
\lastobjectbox@=\box50
\zerodotbox@=\box51
\almostz@=\dimen172
 direction,
\d@X=\dimen173
\d@Y=\dimen174
\K@=\count266
\KK@=\count267
\Direction=\count268
\K@dXdY=\dimen175
\K@dYdX=\dimen176
\xyread@=\read2
\xywrite@=\write3
\csp@=\count269
\quotPTK@=\dimen177

utility macros; pictures: \xy, positions,
\swaptoks@@=\toks29
\connectobjectbox@@=\box52
 objects,
\styletoks@=\toks30
 decorations;
kernel objects: directionals, circles, text; options; algorithms: directions,
edges, connections;  Xy-pic loaded)
(C:\Users\manin\AppData\Local\Programs\MiKTeX\tex/generic/iftex\ifpdf.sty
Package: ifpdf 2019/10/25 v3.4 ifpdf legacy package. Use iftex instead.

(C:\Users\manin\AppData\Local\Programs\MiKTeX\tex/generic/iftex\iftex.sty
Package: iftex 2020/03/06 v1.0d TeX engine tests
))
Package: xy 2013/10/06 Xy-pic version 3.8.9

(C:\Users\manin\AppData\Local\Programs\MiKTeX\tex/generic/xypic\xyall.tex
 Xy-pic option: All features v.3.8
(C:\Users\manin\AppData\Local\Programs\MiKTeX\tex/generic/xypic\xycurve.tex
 Xy-pic option: Curve and Spline extension v.3.12 curve,
\crv@cnt@=\count270
\crvpts@=\toks31
\splinebox@=\box53
\splineval@=\dimen178
\splinedepth@=\dimen179
\splinetol@=\dimen180
\splinelength@=\dimen181
 circles,
\L@=\dimen182
 loaded)
(C:\Users\manin\AppData\Local\Programs\MiKTeX\tex/generic/xypic\xyframe.tex
 Xy-pic option: Frame and Bracket extension v.3.14 loaded)
(C:\Users\manin\AppData\Local\Programs\MiKTeX\tex/generic/xypic\xycmtip.tex
 Xy-pic option: Computer Modern tip extension v.3.7
(C:\Users\manin\AppData\Local\Programs\MiKTeX\tex/generic/xypic\xytips.tex
 Xy-pic option: More Tips extension v.3.11 loaded) loaded)
(C:\Users\manin\AppData\Local\Programs\MiKTeX\tex/generic/xypic\xyline.tex
 Xy-pic option: Line styles extension v.3.10
\xylinethick@=\dimen183
 loaded)
(C:\Users\manin\AppData\Local\Programs\MiKTeX\tex/generic/xypic\xyrotate.tex
 Xy-pic option: Rotate and Scale extension v.3.8 loaded)
(C:\Users\manin\AppData\Local\Programs\MiKTeX\tex/generic/xypic\xycolor.tex
 Xy-pic option: Colour extension v.3.11 loaded)
(C:\Users\manin\AppData\Local\Programs\MiKTeX\tex/generic/xypic\xymatrix.tex
 Xy-pic option: Matrix feature v.3.14
\Row=\count271
\Col=\count272
\queue@=\toks32
\queue@@=\toks33
\qcount@=\count273
\qcount@@=\count274
\matrixsize@=\count275
 loaded)
(C:\Users\manin\AppData\Local\Programs\MiKTeX\tex/generic/xypic\xyarrow.tex
 Xy-pic option: Arrow and Path feature v.3.9 path, \ar, loaded)
(C:\Users\manin\AppData\Local\Programs\MiKTeX\tex/generic/xypic\xygraph.tex
 Xy-pic option: Graph feature v.3.11 loaded) loaded)
(C:\Users\manin\AppData\Local\Programs\MiKTeX\tex/generic/xypic\xyarc.tex
 Xy-pic option: Circle, Ellipse, Arc feature v.3.8 circles, ellipses,
elliptical arcs, loaded))
(C:\Users\manin\AppData\Local\Programs\MiKTeX\tex/latex/latex-tools\enumerate.s
ty
Package: enumerate 2015/07/23 v3.00 enumerate extensions (DPC)
\@enLab=\toks34
)
(C:\Users\manin\AppData\Local\Programs\MiKTeX\tex/latex/jknappen\mathrsfs.sty
Package: mathrsfs 1996/01/01 Math RSFS package v1.0 (jk)
\symrsfs=\mathgroup6
)
(C:\Users\manin\AppData\Local\Programs\MiKTeX\tex/generic/tex4ht\hyperref-hooks
.4ht)
(C:\Users\manin\AppData\Local\Programs\MiKTeX\tex/latex/hyperref\hyperref.sty
Package: hyperref 2021-02-27 v7.00k Hypertext links for LaTeX

(C:\Users\manin\AppData\Local\Programs\MiKTeX\tex/generic/ltxcmds\ltxcmds.sty
Package: ltxcmds 2020-05-10 v1.25 LaTeX kernel commands for general use (HO)
)
(C:\Users\manin\AppData\Local\Programs\MiKTeX\tex/generic/pdftexcmds\pdftexcmds
.sty
Package: pdftexcmds 2020-06-27 v0.33 Utility functions of pdfTeX for LuaTeX (HO
)

(C:\Users\manin\AppData\Local\Programs\MiKTeX\tex/generic/infwarerr\infwarerr.s
ty
Package: infwarerr 2019/12/03 v1.5 Providing info/warning/error messages (HO)
)
Package pdftexcmds Info: \pdf@primitive is available.
Package pdftexcmds Info: \pdf@ifprimitive is available.
Package pdftexcmds Info: \pdfdraftmode is ignored in DVI mode.
)
(C:\Users\manin\AppData\Local\Programs\MiKTeX\tex/latex/graphics\keyval.sty
Package: keyval 2014/10/28 v1.15 key=value parser (DPC)
\KV@toks@=\toks35
)
(C:\Users\manin\AppData\Local\Programs\MiKTeX\tex/generic/kvsetkeys\kvsetkeys.s
ty
Package: kvsetkeys 2019/12/15 v1.18 Key value parser (HO)
)
(C:\Users\manin\AppData\Local\Programs\MiKTeX\tex/generic/kvdefinekeys\kvdefine
keys.sty
Package: kvdefinekeys 2019-12-19 v1.6 Define keys (HO)
)
(C:\Users\manin\AppData\Local\Programs\MiKTeX\tex/generic/pdfescape\pdfescape.s
ty
Package: pdfescape 2019/12/09 v1.15 Implements pdfTeX's escape features (HO)
) (C:\Users\manin\AppData\Local\Programs\MiKTeX\tex/latex/hycolor\hycolor.sty
Package: hycolor 2020-01-27 v1.10 Color options for hyperref/bookmark (HO)
)
(C:\Users\manin\AppData\Local\Programs\MiKTeX\tex/latex/letltxmacro\letltxmacro
.sty
Package: letltxmacro 2019/12/03 v1.6 Let assignment for LaTeX macros (HO)
)
(C:\Users\manin\AppData\Local\Programs\MiKTeX\tex/latex/auxhook\auxhook.sty
Package: auxhook 2019-12-17 v1.6 Hooks for auxiliary files (HO)


Package auxhook Warning: Cannot patch \document,
(auxhook)                using \AtBeginDocument instead.

)
(C:\Users\manin\AppData\Local\Programs\MiKTeX\tex/latex/kvoptions\kvoptions.sty
Package: kvoptions 2020-10-07 v3.14 Key value format for package options (HO)
)
\@linkdim=\dimen184
\Hy@linkcounter=\count276
\Hy@pagecounter=\count277
 (C:\Users\manin\AppData\Local\Programs\MiKTeX\tex/latex/hyperref\pd1enc.def
File: pd1enc.def 2021-02-27 v7.00k Hyperref: PDFDocEncoding definition (HO)
Now handling font encoding PD1 ...
... no UTF-8 mapping file for font encoding PD1
)
(C:\Users\manin\AppData\Local\Programs\MiKTeX\tex/latex/hyperref\hyperref-langp
atches.def
File: hyperref-langpatches.def 2021-02-27 v7.00k Hyperref: patches for babel la
nguages
)
(C:\Users\manin\AppData\Local\Programs\MiKTeX\tex/generic/intcalc\intcalc.sty
Package: intcalc 2019/12/15 v1.3 Expandable calculations with integers (HO)
)
(C:\Users\manin\AppData\Local\Programs\MiKTeX\tex/generic/etexcmds\etexcmds.sty
Package: etexcmds 2019/12/15 v1.7 Avoid name clashes with e-TeX commands (HO)
)
\Hy@SavedSpaceFactor=\count278
 (C:\Users\manin\AppData\Local\Programs\MiKTeX\tex/latex/hyperref\puenc.def
File: puenc.def 2021-02-27 v7.00k Hyperref: PDF Unicode definition (HO)
Now handling font encoding PU ...
... no UTF-8 mapping file for font encoding PU
)
Package hyperref Info: Option `colorlinks' set `true' on input line 4073.
Package hyperref Info: Hyper figures OFF on input line 4192.
Package hyperref Info: Link nesting OFF on input line 4197.
Package hyperref Info: Hyper index ON on input line 4200.
Package hyperref Info: Plain pages OFF on input line 4207.
Package hyperref Info: Backreferencing OFF on input line 4212.
Package hyperref Info: Implicit mode ON; LaTeX internals redefined.
Package hyperref Info: Bookmarks ON on input line 4445.
\c@Hy@tempcnt=\count279

(C:\Users\manin\AppData\Local\Programs\MiKTeX\tex/latex/url\url.sty
\Urlmuskip=\muskip17
Package: url 2013/09/16  ver 3.4  Verb mode for urls, etc.
)
LaTeX Info: Redefining \url on input line 4804.
\XeTeXLinkMargin=\dimen185

(C:\Users\manin\AppData\Local\Programs\MiKTeX\tex/generic/bitset\bitset.sty
Package: bitset 2019/12/09 v1.3 Handle bit-vector datatype (HO)

(C:\Users\manin\AppData\Local\Programs\MiKTeX\tex/generic/bigintcalc\bigintcalc
.sty
Package: bigintcalc 2019/12/15 v1.5 Expandable calculations on big integers (HO
)
))
\Fld@menulength=\count280
\Field@Width=\dimen186
\Fld@charsize=\dimen187
\Field@toks=\toks36
Package hyperref Info: Hyper figures OFF on input line 6075.
Package hyperref Info: Link nesting OFF on input line 6080.
Package hyperref Info: Hyper index ON on input line 6083.
Package hyperref Info: backreferencing OFF on input line 6090.
Package hyperref Info: Link coloring ON on input line 6093.
Package hyperref Info: Link coloring with OCG OFF on input line 6100.
Package hyperref Info: PDF/A mode OFF on input line 6105.
LaTeX Info: Redefining \ref on input line 6145.
LaTeX Info: Redefining \pageref on input line 6149.

(C:\Users\manin\AppData\Local\Programs\MiKTeX\tex/latex/base\atbegshi-ltx.sty
Package: atbegshi-ltx 2020/08/17 v1.0a Emulation of the original atbegshi packa
ge
with kernel methods
)
\Hy@abspage=\count281


Package hyperref Message: Stopped early.

)
Package hyperref Info: Driver: htex4ht.
 (C:\Users\manin\AppData\Local\Programs\MiKTeX\tex/latex/hyperref\htex4ht.def
File: htex4ht.def 2021-02-27 v7.00k Hyperref driver for TeX4ht
Package hyperref Info: tex4ht is already loaded.
) (C:\Users\manin\AppData\Local\Programs\MiKTeX\tex/latex/hyperref\nameref.sty
Package: nameref 2021-04-02 v2.47 Cross-referencing by name of section

(C:\Users\manin\AppData\Local\Programs\MiKTeX\tex/latex/refcount\refcount.sty
Package: refcount 2019/12/15 v3.6 Data extraction from label references (HO)
)
(C:\Users\manin\AppData\Local\Programs\MiKTeX\tex/generic/gettitlestring\gettit
lestring.sty
Package: gettitlestring 2019/12/15 v1.6 Cleanup title references (HO)
)
\c@section@level=\count282
)
\c@thm=\count283

\bibstyle{plain}
(C:\Users\manin\AppData\Local\Programs\MiKTeX\tex/generic/tex4ht\tex4ht.4ht
version 2020-03-12-14:03
--------------------------------------
--- Note --- for additional information, use the command line option `info'
--------------------------------------

::::::::::::::::::::::::::::::::::::::::::
 TeX4ht info is available in the log file 
::::::::::::::::::::::::::::::::::::::::::
) (C:\Users\manin\AppData\Local\Programs\MiKTeX\tex/generic/tex4ht\tex4ht.sty
version 2021-01-02-13:53

(C:\Users\manin\AppData\Local\Programs\MiKTeX\tex/latex/graphics\color.sty
Package: color 2020/02/24 v1.2b Standard LaTeX Color (DPC)

(C:\Users\manin\AppData\Local\Programs\MiKTeX\tex/latex/graphics-cfg\color.cfg
File: color.cfg 2016/01/02 v1.6 sample color configuration
)
Package color Info: Driver file: dvips.def on input line 147.
(C:\Users\manin\AppData\Local\Programs\MiKTeX\tex/latex/graphics-def\dvips.def
File: dvips.def 2017/06/20 v3.1d Graphics/color driver for dvips
) (C:\Users\manin\AppData\Local\Programs\MiKTeX\tex/latex/graphics\dvipsnam.def
File: dvipsnam.def 2016/06/17 v3.0m Driver-dependent file (DPC,SPQR)
))
--- needs --- tex4ht cumc2020_code ---
\tmp:cnt=\count284
\openout15 = `cumc2020_code.tmp'.

(cumc2020_code.tmp)
\tmp:dim=\skip57
--------------------------------------
--- Note --- for XML code, use the command line option `xml' or `xhtml'
--------------------------------------
 (cumc2020_code.xref)
\:refout=\write4
\openout4 = `cumc2020_code.xref'.


(C:\Users\manin\AppData\Local\Programs\MiKTeX\tex/generic/tex4ht\html4.4ht
version 2021-02-14-13:56
--------------------------------------
--- Note --- to remove the <?xml version=...?> processing instruction use the c
ommand line option `no-VERSION'
--------------------------------------
--------------------------------------
--- Note --- to remove the DOCTYPE declaration use the command line option `no-
DOCTYPE'
--------------------------------------
)
(C:\Users\manin\AppData\Local\Programs\MiKTeX\tex/generic/tex4ht\html4-math.4ht
version 2021-01-30-14:17
)
--------------------------------------
--- Note --- for marking of the base font, use the command line option `fonts+'

--------------------------------------
--------------------------------------
--- Note --- for non active _, use the command line option `no_'
--------------------------------------
--------------------------------------
--- Note --- for _ of catcode 13, use the command line option `_13'
--------------------------------------
--------------------------------------
--- Note --- for non active ^, use the command line option `no^'
--------------------------------------
--------------------------------------
--- Note --- for ^ of catcode 13, use the command line option `^13'
--------------------------------------
 (C:\Users\manin\AppData\Local\Programs\MiKTeX\tex/generic/tex4ht\html4.4ht
version 2021-02-14-13:56
--------------------------------------
--- Note --- for alternative charset, use the command line option `charset=...'

--------------------------------------
--------------------------------------
--- Note --- to ignore CSS font decoration, use the `NoFonts' command line opti
on
--------------------------------------
--------------------------------------
--- Note --- for jpg bitmaps of pictures, use the `jpg' command line option. (C
haracter bitmaps are controled only by `g' records of tex4ht.env and `-g' switc
hes of tex4ht.c) 
--------------------------------------
--------------------------------------
--- Note --- for gif bitmaps of pictures, use the `gif' command line option. (C
haracter bitmaps are controled only by `g' records of tex4ht.env and `-g' switc
hes of tex4ht.c) 
--------------------------------------
--------------------------------------
--- Note --- for content and toc in 2 frames, use the command line option `fram
es'
--------------------------------------
--------------------------------------
--- Note --- for content, toc, and footnotes in 3 frames, use the command line 
option `frames-fn'
--------------------------------------
--------------------------------------
--- Note --- for file extension name xht, use the command line option `xht'
--------------------------------------
TeX4ht package options: html
--------------------------------------
--- Note --- To print a timestamp, use the command line option timestamp
--------------------------------------
--------------------------------------
--- Note --- to ignore CSS code, use the command line option `-css
--------------------------------------
--------------------------------------
--- Note --- for inline CSS code, use the command line option `css-in'
--------------------------------------
--------------------------------------
--- Note --- for pop ups on mouse over, use the command line option `mouseover'

--------------------------------------
--------------------------------------
--- Note --- for addressing images in a subdirectory, use the command line opti
on `imgdir:.../'
--------------------------------------
)
(C:\Users\manin\AppData\Local\Programs\MiKTeX\tex/generic/tex4ht\html4-math.4ht
version 2021-01-30-14:17
)
\:tokwrite=\toks37
\:tokpage=\toks38
--------------------------------------
--- Note --- for back links to toc, use the command line option `sections+'
--------------------------------------
--------------------------------------
--- Note --- for linear crosslinks of pages, use the command line option `next'

--------------------------------------
\openout15 = `cumc2020_code.4ct'.

\:tocout=\write5
\openout5 = `cumc2020_code.4tc'.

 (C:\Users\manin\AppData\Local\Programs\MiKTeX\tex/generic/tex4ht\html4.4ht
version 2021-02-14-13:56
)
(C:\Users\manin\AppData\Local\Programs\MiKTeX\tex/generic/tex4ht\html4-math.4ht
version 2021-01-30-14:17
) (C:\Users\manin\AppData\Local\Programs\MiKTeX\tex/generic/tex4ht\latex.4ht
version 2021-02-06-14:21
LaTeX Info: Redefining \_ on input line 173.
LaTeX Info: Redefining \, on input line 791.
LaTeX Info: Redefining \; on input line 792.
LaTeX Info: Redefining \! on input line 793.
LaTeX Info: Redefining \: on input line 794.
LaTeX Info: Redefining \> on input line 795.
--------------------------------------
--- Note --- for links into captions, instead of float heads, use the command l
ine option `refcaption'
--------------------------------------

(C:\Users\manin\AppData\Local\Programs\MiKTeX\tex/generic/tex4ht\html4.4ht
version 2021-02-14-13:56
)
(C:\Users\manin\AppData\Local\Programs\MiKTeX\tex/generic/tex4ht\html4-math.4ht
version 2021-01-30-14:17
) (C:\Users\manin\AppData\Local\Programs\MiKTeX\tex/generic/tex4ht\html4.4ht
version 2021-02-14-13:56
--------------------------------------
--- Note --- For mini tocs immediately aftter the header use the command line o
ption `minitoc<'
--------------------------------------
--------------------------------------
--- Note --- for enumerated list elements with valued data, use the command lin
e option `enumerate+'
--------------------------------------
--------------------------------------
--- Note --- for enumerated list elements li's with value attributes, use the c
ommand line option `enumerate-'
--------------------------------------
--------------------------------------
--- Note --- for CSS2 code, use the command line option `css2'
--------------------------------------
--------------------------------------
--- Note --- for pictorial tabular, use the command line option `pic-tabular'
--------------------------------------
--------------------------------------
--- Note --- for bitmap fbox'es, use the command line option `pic-fbox'
--------------------------------------
--------------------------------------
--- Note --- for bitmap framebox'es, use the command line option `pic-framebox'

--------------------------------------
--------------------------------------
--- Note --- for inline footnotes use command line option `fn-in'
--------------------------------------
--------------------------------------
--- Note --- for tracing of latex font commands, use the command line option `f
onts'
--------------------------------------
--------------------------------------
--- Note --- for width specifications of tabular p entries, use the `p-width' c
ommand line option or a configuration similar to \Configure{HColWidth}{\HCode{ 
style="width:\HColWidth"}}
--------------------------------------
)
(C:\Users\manin\AppData\Local\Programs\MiKTeX\tex/generic/tex4ht\html4-math.4ht
version 2021-01-30-14:17
--------------------------------------
--- Note --- for pictorial eqnarray, use the command line option `pic-eqnarray'

--------------------------------------
--------------------------------------
--- Note --- for pictorial array, use the command line option `pic-array'
--------------------------------------
--------------------------------------
--- Note --- for pictorial $...$ environments, use the command line option `pic
-m' (not recommended!!)
--------------------------------------
--------------------------------------
--- Note --- for pictorial $...$ and $$...$$ environments with latex alt, use t
he command line option `pic-m+' (not safe!!)
--------------------------------------
--------------------------------------
--- Note --- for pictorial array, use the command line option `pic-array'
--------------------------------------
))
(C:\Users\manin\AppData\Local\Programs\MiKTeX\tex/generic/tex4ht\fontmath.4ht
version 2018-11-06-15:55

(C:\Users\manin\AppData\Local\Programs\MiKTeX\tex/generic/tex4ht\html4.4ht
version 2021-02-14-13:56
)
(C:\Users\manin\AppData\Local\Programs\MiKTeX\tex/generic/tex4ht\html4-math.4ht
version 2021-01-30-14:17
)) (C:\Users\manin\AppData\Local\Programs\MiKTeX\tex/generic/tex4ht\amsart.4ht
(C:\Users\manin\AppData\Local\Programs\MiKTeX\tex/generic/tex4ht\html4.4ht
version 2021-02-14-13:56
--------------------------------------
--- Note --- for automatic sectioning pagination, use the command line option `
1', `2', `3', '4', '5', '6', or '7'
--------------------------------------
--------------------------------------
--- Note --- for files named derived from section titles, use the command line 
option `sec-filename'
--------------------------------------
)
(C:\Users\manin\AppData\Local\Programs\MiKTeX\tex/generic/tex4ht\html4-math.4ht
version 2021-01-30-14:17
)) (C:\Users\manin\AppData\Local\Programs\MiKTeX\tex/generic/tex4ht\amsmath.4ht
version 2019-12-29-14:17
\tmp:muskip=\muskip18
(C:\Users\manin\AppData\Local\Programs\MiKTeX\tex/generic/tex4ht\html4.4ht
version 2021-02-14-13:56
)
(C:\Users\manin\AppData\Local\Programs\MiKTeX\tex/generic/tex4ht\html4-math.4ht
version 2021-01-30-14:17
LaTeX Info: Redefining \[ on input line 503.
LaTeX Info: Redefining \] on input line 503.
)) (C:\Users\manin\AppData\Local\Programs\MiKTeX\tex/generic/tex4ht\amstext.4ht
version 2009-05-21-09:32
(C:\Users\manin\AppData\Local\Programs\MiKTeX\tex/generic/tex4ht\html4.4ht
version 2021-02-14-13:56
)
(C:\Users\manin\AppData\Local\Programs\MiKTeX\tex/generic/tex4ht\html4-math.4ht
version 2021-01-30-14:17
)) (C:\Users\manin\AppData\Local\Programs\MiKTeX\tex/generic/tex4ht\amsbsy.4ht
version 2009-05-21-09:32

(C:\Users\manin\AppData\Local\Programs\MiKTeX\tex/generic/tex4ht\html4.4ht
version 2021-02-14-13:56
)
(C:\Users\manin\AppData\Local\Programs\MiKTeX\tex/generic/tex4ht\html4-math.4ht
version 2021-01-30-14:17
)) (C:\Users\manin\AppData\Local\Programs\MiKTeX\tex/generic/tex4ht\amsopn.4ht
version 2009-05-21-09:32

(C:\Users\manin\AppData\Local\Programs\MiKTeX\tex/generic/tex4ht\html4.4ht
version 2021-02-14-13:56
)
(C:\Users\manin\AppData\Local\Programs\MiKTeX\tex/generic/tex4ht\html4-math.4ht
version 2021-01-30-14:17
))
(C:\Users\manin\AppData\Local\Programs\MiKTeX\tex/generic/tex4ht\amsfonts.4ht
version 2009-05-21-09:32

(C:\Users\manin\AppData\Local\Programs\MiKTeX\tex/generic/tex4ht\html4.4ht
version 2021-02-14-13:56
)
(C:\Users\manin\AppData\Local\Programs\MiKTeX\tex/generic/tex4ht\html4-math.4ht
version 2021-01-30-14:17
)) (C:\Users\manin\AppData\Local\Programs\MiKTeX\tex/generic/tex4ht\amssymb.4ht
version 2009-05-21-09:32
(C:\Users\manin\AppData\Local\Programs\MiKTeX\tex/generic/tex4ht\html4.4ht
version 2021-02-14-13:56
)
(C:\Users\manin\AppData\Local\Programs\MiKTeX\tex/generic/tex4ht\html4-math.4ht
version 2021-01-30-14:17
)) (C:\Users\manin\AppData\Local\Programs\MiKTeX\tex/generic/tex4ht\xy.4ht
version 2009-05-21-09:32

(C:\Users\manin\AppData\Local\Programs\MiKTeX\tex/generic/tex4ht\html4.4ht
version 2021-02-14-13:56
)
(C:\Users\manin\AppData\Local\Programs\MiKTeX\tex/generic/tex4ht\html4-math.4ht
version 2021-01-30-14:17
))
(C:\Users\manin\AppData\Local\Programs\MiKTeX\tex/generic/tex4ht\enumerate.4ht
version 2009-05-21-09:32

(C:\Users\manin\AppData\Local\Programs\MiKTeX\tex/generic/tex4ht\html4.4ht
version 2021-02-14-13:56
)
(C:\Users\manin\AppData\Local\Programs\MiKTeX\tex/generic/tex4ht\html4-math.4ht
version 2021-01-30-14:17
))
(C:\Users\manin\AppData\Local\Programs\MiKTeX\tex/generic/tex4ht\hyperref.4ht
version 2021-01-02-13:53
LaTeX Info: Redefining \autoref on input line 88.
\Hy@SectionHShift=\skip58

(C:\Users\manin\AppData\Local\Programs\MiKTeX\tex/generic/tex4ht\html4.4ht
version 2021-02-14-13:56
)
(C:\Users\manin\AppData\Local\Programs\MiKTeX\tex/generic/tex4ht\html4-math.4ht
version 2021-01-30-14:17
)) (C:\Users\manin\AppData\Local\Programs\MiKTeX\tex/generic/tex4ht\pd1enc.4ht
version 2009-05-21-09:32

(C:\Users\manin\AppData\Local\Programs\MiKTeX\tex/generic/tex4ht\html4.4ht
version 2021-02-14-13:56
)
(C:\Users\manin\AppData\Local\Programs\MiKTeX\tex/generic/tex4ht\html4-math.4ht
version 2021-01-30-14:17
)) (C:\Users\manin\AppData\Local\Programs\MiKTeX\tex/generic/tex4ht\url.4ht
version 2009-05-21-09:32

(C:\Users\manin\AppData\Local\Programs\MiKTeX\tex/generic/tex4ht\html4.4ht
version 2021-02-14-13:56
--------------------------------------
--- Note --- for URL encoding within href use the command line option `url-enc'

--------------------------------------
)
(C:\Users\manin\AppData\Local\Programs\MiKTeX\tex/generic/tex4ht\html4-math.4ht
version 2021-01-30-14:17
)) (C:\Users\manin\AppData\Local\Programs\MiKTeX\tex/generic/tex4ht\nameref.4ht
version 2021-02-03-14:57
(C:\Users\manin\AppData\Local\Programs\MiKTeX\tex/generic/tex4ht\html4.4ht
version 2021-02-14-13:56
)
(C:\Users\manin\AppData\Local\Programs\MiKTeX\tex/generic/tex4ht\html4-math.4ht
version 2021-01-30-14:17
)) (C:\Users\manin\AppData\Local\Programs\MiKTeX\tex/generic/tex4ht\color.4ht
(C:\Users\manin\AppData\Local\Programs\MiKTeX\tex/generic/tex4ht\html4.4ht
version 2021-02-14-13:56
)
(C:\Users\manin\AppData\Local\Programs\MiKTeX\tex/generic/tex4ht\html4-math.4ht
version 2021-01-30-14:17
)) (C:\Users\manin\AppData\Local\Programs\MiKTeX\tex/generic/tex4ht\dvips.4ht
version 2009-05-21-09:32

(C:\Users\manin\AppData\Local\Programs\MiKTeX\tex/generic/tex4ht\html4.4ht
version 2021-02-14-13:56
)
(C:\Users\manin\AppData\Local\Programs\MiKTeX\tex/generic/tex4ht\html4-math.4ht
version 2021-01-30-14:17
))
(C:\Users\manin\AppData\Local\Programs\MiKTeX\tex/generic/tex4ht\dvipsnam.4ht
version 2009-05-21-09:32

(C:\Users\manin\AppData\Local\Programs\MiKTeX\tex/latex/graphics\dvipsnam.def)
(C:\Users\manin\AppData\Local\Programs\MiKTeX\tex/generic/tex4ht\html4.4ht
version 2021-02-14-13:56
)
(C:\Users\manin\AppData\Local\Programs\MiKTeX\tex/generic/tex4ht\html4-math.4ht
version 2021-01-30-14:17
)) (C:\Users\manin\AppData\Local\Programs\MiKTeX\tex/generic/tex4ht\html4.4ht
version 2021-02-14-13:56
)
(C:\Users\manin\AppData\Local\Programs\MiKTeX\tex/generic/tex4ht\html4-math.4ht
version 2021-01-30-14:17
))
(C:\Users\manin\AppData\Local\Programs\MiKTeX\tex/latex/l3backend\l3backend-dvi
ps.def
File: l3backend-dvips.def 2021-03-02 L3 backend support: dvips
\l__pdf_internal_box=\box54
\g__pdf_backend_object_int=\count285
\l__pdf_backend_content_box=\box55
\l__pdf_backend_model_box=\box56
\g__pdf_backend_annotation_int=\count286
\g__pdf_backend_link_int=\count287
\g__pdf_backend_link_sf_int=\count288
) (cumc2020_code.aux)
\openout1 = `cumc2020_code.aux'.

LaTeX Font Info:    Checking defaults for OML/cmm/m/it on input line 48.
LaTeX Font Info:    ... okay on input line 48.
LaTeX Font Info:    Checking defaults for OMS/cmsy/m/n on input line 48.
LaTeX Font Info:    ... okay on input line 48.
LaTeX Font Info:    Checking defaults for OT1/cmr/m/n on input line 48.
LaTeX Font Info:    ... okay on input line 48.
LaTeX Font Info:    Checking defaults for T1/cmr/m/n on input line 48.
LaTeX Font Info:    ... okay on input line 48.
LaTeX Font Info:    Checking defaults for TS1/cmr/m/n on input line 48.
LaTeX Font Info:    ... okay on input line 48.
LaTeX Font Info:    Checking defaults for OMX/cmex/m/n on input line 48.
LaTeX Font Info:    ... okay on input line 48.
LaTeX Font Info:    Checking defaults for U/cmr/m/n on input line 48.
LaTeX Font Info:    ... okay on input line 48.
LaTeX Font Info:    Checking defaults for PD1/pdf/m/n on input line 48.
LaTeX Font Info:    ... okay on input line 48.
LaTeX Font Info:    Checking defaults for PU/pdf/m/n on input line 48.
LaTeX Font Info:    ... okay on input line 48.
LaTeX Font Info:    Trying to load font information for U+msa on input line 48.


(C:\Users\manin\AppData\Local\Programs\MiKTeX\tex/latex/amsfonts\umsa.fd
File: umsa.fd 2013/01/14 v3.01 AMS symbols A
)
LaTeX Font Info:    Trying to load font information for U+msb on input line 48.


(C:\Users\manin\AppData\Local\Programs\MiKTeX\tex/latex/amsfonts\umsb.fd
File: umsb.fd 2013/01/14 v3.01 AMS symbols B
)
LaTeX Font Info:    Trying to load font information for U+rsfs on input line 48
.

(C:\Users\manin\AppData\Local\Programs\MiKTeX\tex/latex/jknappen\ursfs.fd
File: ursfs.fd 1998/03/24 rsfs font definition file (jk)
)
Package hyperref Info: Link coloring ON on input line 48.
LaTeX Info: Redefining \ref on input line 48.
LaTeX Info: Redefining \pageref on input line 48.
LaTeX Info: Redefining \nameref on input line 48.
--- file cumc2020_code.css ---

(cumc2020_code.4ct) [1]
l. 70 Writing cumc2020_code.idv[1] (cumc2020_code0x.png)
l. 74 Writing cumc2020_code.idv[2] (cumc2020_code1x.png)
l. 84 Writing cumc2020_code.idv[3] (cumc2020_code2x.png)
 [2]
l. 99 Writing cumc2020_code.idv[4] (cumc2020_code3x.png)
 [3]
l. 103 Writing cumc2020_code.idv[5] (cumc2020_code4x.png)
l. 103 Writing cumc2020_code.idv[6] (cumc2020_code5x.png)
l. 103 Writing cumc2020_code.idv[7] (cumc2020_code6x.png)
l. 103 Writing cumc2020_code.idv[8] (cumc2020_code7x.png)
l. 106 Writing cumc2020_code.idv[9] (cumc2020_code8x.png)
l. 107 Writing cumc2020_code.idv[10] (cumc2020_code9x.png)
l. 109 Writing cumc2020_code.idv[11] (cumc2020_code10x.png)
l. 119 Writing cumc2020_code.idv[12] (cumc2020_code11x.png)
l. 119 Writing cumc2020_code.idv[13] (cumc2020_code12x.png)
l. 119 Writing cumc2020_code.idv[14] (cumc2020_code13x.png)
l. 119 Writing cumc2020_code.idv[15] (cumc2020_code14x.png)
l. 122 Writing cumc2020_code.idv[16] (cumc2020_code15x.png)
l. 122 Writing cumc2020_code.idv[17] (cumc2020_code16x.png)
l. 122 Writing cumc2020_code.idv[18] (cumc2020_code17x.png)
l. 122 Writing cumc2020_code.idv[19] (cumc2020_code18x.png)
l. 128 Writing cumc2020_code.idv[20] (cumc2020_code19x.png)
l. 128 Writing cumc2020_code.idv[21] (cumc2020_code20x.png)
l. 128 Writing cumc2020_code.idv[22] (cumc2020_code21x.png)
 [4]
l. 135 Writing cumc2020_code.idv[23] (cumc2020_code22x.png)
 [5]
l. 145 Writing cumc2020_code.idv[24] (cumc2020_code23x.png)
l. 153 Writing cumc2020_code.idv[25] (cumc2020_code24x.png)
l. 154 Writing cumc2020_code.idv[26] (cumc2020_code25x.png)
 [6]
l. 167 Writing cumc2020_code.idv[27] (cumc2020_code26x.png)
 [7]
l. 176 Writing cumc2020_code.idv[28] (cumc2020_code27x.png)
l. 179 Writing cumc2020_code.idv[29] (cumc2020_code28x.png)
l. 182 Writing cumc2020_code.idv[30] (cumc2020_code29x.png)
--- file cumc2020_code2.html ---
l. 193 Writing cumc2020_code.idv[31] (cumc2020_code30x.png)
 [8]
l. 195 Writing cumc2020_code.idv[32] (cumc2020_code31x.png)
l. 209 Writing cumc2020_code.idv[33] (cumc2020_code32x.png)
l. 209 Writing cumc2020_code.idv[34] (cumc2020_code33x.png)
l. 209 Writing cumc2020_code.idv[35] (cumc2020_code34x.png)
l. 209 Writing cumc2020_code.idv[36] (cumc2020_code35x.png)
 [9

]
l. 218 Writing cumc2020_code.idv[37] (cumc2020_code36x.png)
l. 218 Writing cumc2020_code.idv[38] (cumc2020_code37x.png)
l. 218 Writing cumc2020_code.idv[39] (cumc2020_code38x.png)
l. 218 Writing cumc2020_code.idv[40] (cumc2020_code39x.png)
l. 218 Writing cumc2020_code.idv[41] (cumc2020_code40x.png)
l. 218 Writing cumc2020_code.idv[42] (cumc2020_code41x.png)
l. 218 Writing cumc2020_code.idv[43] (cumc2020_code42x.png)
 [10] [11]
(cumc2020_code.aux) ) 
Here is how much of TeX's memory you used:
 15290 strings out of 479325
 206454 string characters out of 2856841
 674325 words of memory out of 3000000
 32291 multiletter control sequences out of 15000+600000
 411625 words of font info for 65 fonts, out of 8000000 for 9000
 1302 hyphenation exceptions out of 8191
 82i,17n,99p,1305b,559s stack positions out of 5000i,500n,10000p,200000b,80000s

Output written on cumc2020_code.dvi (11 pages, 59892 bytes).
