This is pdfTeX, Version 3.141592653-2.6-1.40.22 (MiKTeX 21.3) (preloaded format=latex 2021.5.28)  28 MAY 2021 23:24
entering extended mode
**\makeatletter\def\HCode{\futurelet\HCode\HChar}\def\HChar{\ifx\HCode\def\HCod
e##1{\Link##1}\expandafter\HCode\else\expandafter\Link\fi}\def\Link#1.a.b.c.{\g
@addto@macro\@documentclasshook{\RequirePackage[#1,html]{tex4ht}}\let\HCode\doc
umentstyle\def\documentstyle{\let\documentstyle\HCode\expandafter\def\csname te
x4ht\endcsname{#1,html}\def\HCode####1{\documentstyle[tex4ht,}\@ifnextchar[{\HC
ode}{\documentstyle[tex4ht]}}}\makeatother\HCode xhtml,mathml,mathjax,charset=u
tf-8,html5.a.b.c.\input \detokenize{filename.tex} > nul 2>&1
! Emergency stop.
<*> ...ml5.a.b.c.\input \detokenize{filename.tex} 
                                                  > nul 2>&1
*** (job aborted, file error in nonstop mode)

 
Here is how much of TeX's memory you used:
 18 strings out of 479325
 334 string characters out of 2856841
 282608 words of memory out of 3000000
 17585 multiletter control sequences out of 15000+600000
 403430 words of font info for 27 fonts, out of 8000000 for 9000
 1141 hyphenation exceptions out of 8191
 12i,0n,15p,563b,10s stack positions out of 5000i,500n,10000p,200000b,80000s
No pages of output.
